<?xml version="1.0" encoding="UTF-8"?>
<!-- Generated by org.testng.reporters.JUnitReportReporter -->
<testsuite hostname="Rangas-MacBook-Air.local" failures="0" tests="1" name="uk.co.automationtestingnew.liveproject.OrderCompletionTest_01" time="27.446" errors="0" timestamp="2023-04-18T21:00:15 IST" skipped="0">
  <testcase classname="uk.co.automationtestingnew.liveproject.OrderCompletionTest_01" name="placingOrder" time="27.446"/>
  <system-out/>
</testsuite> <!-- uk.co.automationtestingnew.liveproject.OrderCompletionTest_01 -->
