<?xml version="1.0" encoding="UTF-8"?>
<!-- Generated by org.testng.reporters.JUnitReportReporter -->
<testsuite hostname="Rangas-MacBook-Air.local" failures="0" tests="1" name="uk.co.automationtestingnew.liveproject.AddRemoveItemFromBasketTest_02" time="20.178" errors="0" timestamp="2023-04-18T20:59:38 IST" skipped="0">
  <testcase classname="uk.co.automationtestingnew.liveproject.AddRemoveItemFromBasketTest_02" name="AddRemoveProductsFromCartTest" time="20.178"/>
  <system-out/>
</testsuite> <!-- uk.co.automationtestingnew.liveproject.AddRemoveItemFromBasketTest_02 -->
